Symbol range map extraction starting
Processing 57 files
processing net\ccbluex\liquidbounce\injection\vanilla\TweakerMixinLoader.java
processing net\ccbluex\liquidbounce\injection\vanilla\mixins\block\MixinBlock.java
processing net\ccbluex\liquidbounce\injection\vanilla\mixins\block\MixinBlockAnvil.java
processing net\ccbluex\liquidbounce\injection\vanilla\mixins\block\MixinBlockLadder.java
processing net\ccbluex\liquidbounce\injection\vanilla\mixins\block\MixinBlockLiquid.java
processing net\ccbluex\liquidbounce\injection\vanilla\mixins\block\MixinBlockModelRenderer.java
processing net\ccbluex\liquidbounce\injection\vanilla\mixins\block\MixinBlockSoulSand.java
processing net\ccbluex\liquidbounce\injection\vanilla\mixins\client\MixinMinecraft.java
processing net\ccbluex\liquidbounce\injection\vanilla\mixins\client\MixinProfiler.java
processing net\ccbluex\liquidbounce\injection\vanilla\mixins\client\MixinResourcePackRepository.java
processing net\ccbluex\liquidbounce\injection\vanilla\mixins\entity\MixinAbstractClientPlayer.java
processing net\ccbluex\liquidbounce\injection\vanilla\mixins\entity\MixinEntity.java
processing net\ccbluex\liquidbounce\injection\vanilla\mixins\entity\MixinEntityLivingBase.java
processing net\ccbluex\liquidbounce\injection\vanilla\mixins\entity\MixinEntityPlayer.java
processing net\ccbluex\liquidbounce\injection\vanilla\mixins\entity\MixinEntityPlayerSP.java
processing net\ccbluex\liquidbounce\injection\vanilla\mixins\entity\MixinPlayerControllerMP.java
processing net\ccbluex\liquidbounce\injection\vanilla\mixins\gui\MixinGuiButton.java
processing net\ccbluex\liquidbounce\injection\vanilla\mixins\gui\MixinGuiChat.java
processing net\ccbluex\liquidbounce\injection\vanilla\mixins\gui\MixinGuiConnecting.java
processing net\ccbluex\liquidbounce\injection\vanilla\mixins\gui\MixinGuiDisconnect.java
processing net\ccbluex\liquidbounce\injection\vanilla\mixins\gui\MixinGuiDownloadTerrain.java
processing net\ccbluex\liquidbounce\injection\vanilla\mixins\gui\MixinGuiEditSign.java
processing net\ccbluex\liquidbounce\injection\vanilla\mixins\gui\MixinGuiInGame.java
processing net\ccbluex\liquidbounce\injection\vanilla\mixins\gui\MixinGuiIngameMenu.java
processing net\ccbluex\liquidbounce\injection\vanilla\mixins\gui\MixinGuiKeyBindingList.java
processing net\ccbluex\liquidbounce\injection\vanilla\mixins\gui\MixinGuiMultiplayer.java
processing net\ccbluex\liquidbounce\injection\vanilla\mixins\gui\MixinGuiNewChat.java
processing net\ccbluex\liquidbounce\injection\vanilla\mixins\gui\MixinGuiScreen.java
processing net\ccbluex\liquidbounce\injection\vanilla\mixins\gui\MixinGuiSlot.java
processing net\ccbluex\liquidbounce\injection\vanilla\mixins\gui\MixinGuiSpectator.java
processing net\ccbluex\liquidbounce\injection\vanilla\mixins\gui\MixinServerSelectionList.java
processing net\ccbluex\liquidbounce\injection\vanilla\mixins\item\MixinItemRenderer.java
processing net\ccbluex\liquidbounce\injection\vanilla\mixins\item\MixinItemStack.java
processing net\ccbluex\liquidbounce\injection\vanilla\mixins\network\MixinNetHandlerLoginClient.java
processing net\ccbluex\liquidbounce\injection\vanilla\mixins\network\MixinNetHandlerPlayClient.java
processing net\ccbluex\liquidbounce\injection\vanilla\mixins\network\MixinNetworkManager.java
processing net\ccbluex\liquidbounce\injection\vanilla\mixins\network\MixinNetworkPlayerInfo.java
processing net\ccbluex\liquidbounce\injection\vanilla\mixins\packets\MixinC00Handshake.java
processing net\ccbluex\liquidbounce\injection\vanilla\mixins\render\MixinEffectRenderer.java
processing net\ccbluex\liquidbounce\injection\vanilla\mixins\render\MixinEntityRenderer.java
processing net\ccbluex\liquidbounce\injection\vanilla\mixins\render\MixinFontRenderer.java
processing net\ccbluex\liquidbounce\injection\vanilla\mixins\render\MixinLayerHeldItem.java
processing net\ccbluex\liquidbounce\injection\vanilla\mixins\render\MixinModelBiped.java
processing net\ccbluex\liquidbounce\injection\vanilla\mixins\render\MixinRender.java
processing net\ccbluex\liquidbounce\injection\vanilla\mixins\render\MixinRenderEntityItem.java
processing net\ccbluex\liquidbounce\injection\vanilla\mixins\render\MixinRendererLivingEntity.java
processing net\ccbluex\liquidbounce\injection\vanilla\mixins\render\MixinTileEntityChestRenderer.java
processing net\ccbluex\liquidbounce\injection\vanilla\mixins\render\MixinTileEntityItemStackRenderer.java
processing net\ccbluex\liquidbounce\injection\vanilla\mixins\render\MixinTileEntityMobSpawnerRenderer.java
processing net\ccbluex\liquidbounce\injection\vanilla\mixins\render\MixinTileEntityRendererDispatcher.java
processing net\ccbluex\liquidbounce\injection\vanilla\mixins\render\MixinVisGraph.java
processing net\ccbluex\liquidbounce\injection\vanilla\mixins\resources\MixinSkinManager.java
processing net\ccbluex\liquidbounce\injection\vanilla\mixins\world\MixinChunk.java
processing net\ccbluex\liquidbounce\injection\vanilla\mixins\world\MixinWorld.java
processing net\ccbluex\liquidbounce\injection\vanilla\mixins\world\MixinWorldClient.java
processing net\minecraftforge\fml\relauncher\Side.java
processing net\minecraftforge\fml\relauncher\SideOnly.java
